Tue Nov 06 2018 10:26:38 GMT+0300 (EAT) GET, /
Tue Nov 06 2018 10:31:27 GMT+0300 (EAT) GET, /
Tue Nov 06 2018 10:31:55 GMT+0300 (EAT) GET, /
Tue Nov 06 2018 10:32:24 GMT+0300 (EAT) GET, /
Tue Nov 06 2018 11:14:22 GMT+0300 (EAT) GET, /about
Tue Nov 06 2018 11:14:45 GMT+0300 (EAT) GET, /about
Tue Nov 06 2018 11:14:58 GMT+0300 (EAT) GET, /about
Tue Nov 06 2018 11:15:12 GMT+0300 (EAT) GET, /about
Tue Nov 06 2018 11:16:20 GMT+0300 (EAT) GET, /
Tue Nov 06 2018 11:16:50 GMT+0300 (EAT) GET, /
Tue Nov 06 2018 11:16:52 GMT+0300 (EAT) GET, /projects
Tue Nov 06 2018 11:17:00 GMT+0300 (EAT) GET, /about
Tue Nov 06 2018 11:17:01 GMT+0300 (EAT) GET, /
Tue Nov 06 2018 11:17:08 GMT+0300 (EAT) GET, /projects
Tue Mar 10 2020 17:59:36 GMT+0300 (EAT) GET, /
Tue Mar 10 2020 17:59:37 GMT+0300 (EAT) GET, /favicon.ico
Tue Mar 10 2020 17:59:47 GMT+0300 (EAT) GET, /about
Tue Mar 10 2020 17:59:52 GMT+0300 (EAT) GET, /projects
Tue Mar 10 2020 18:00:22 GMT+0300 (EAT) GET, /projects
Tue Mar 10 2020 18:01:07 GMT+0300 (EAT) GET, /about
Tue Mar 10 2020 18:01:08 GMT+0300 (EAT) GET, /favicon.ico
Tue Mar 10 2020 18:01:19 GMT+0300 (EAT) GET, /bad
